<root xmlns:ns="http://example.com">
  <ns:element>Value</ns:element>
</root>